DEPRECATED! use 'adapter driver' not 'interface'
Info : Listening on port 6666 for tcl connections
Info : Listening on port 4444 for telnet connections
Info : CMSIS-DAP: SWD  Supported
Info : CMSIS-DAP: FW Version = 0256
Info : CMSIS-DAP: Serial# = 04441701ddccc19400000000000000000000000097969906
Info : CMSIS-DAP: Interface Initialised (SWD)
Info : SWCLK/TCK = 1 SWDIO/TMS = 1 TDI = 0 TDO = 0 nTRST = 0 nRESET = 1
Info : CMSIS-DAP: Interface ready
Info : clock speed 2000 kHz
Info : SWD DPIDR 0x2ba01477
Info : max32xxx.cpu: hardware has 6 breakpoints, 4 watchpoints
Info : starting gdb server for max32xxx.cpu on pipe
Info : accepting 'gdb' connection from pipe
undefined debug reason 8 - target needs reset
Info : SWD DPIDR 0x2ba01477
target halted due to debug-request, current mode: Thread 
xPSR: 0x81000000 pc: 0x00002120 msp: 0x20003ff0
Info : SWD DPIDR 0x2ba01477
target halted due to debug-request, current mode: Thread 
xPSR: 0x81000000 pc: 0x00002120 msp: 0x20003ff0
Info : Padding image section 0 at 0x1000786c with 4 bytes
Info : SWD DPIDR 0x2ba01477
target halted due to debug-request, current mode: Thread 
xPSR: 0x81000000 pc: 0x00002120 msp: 0x20003ff0
Info : SWD DPIDR 0x2ba01477
target halted due to debug-request, current mode: Thread 
xPSR: 0x81000000 pc: 0x00002120 msp: 0x20003ff0
Info : dropped 'gdb' connection
